<?xml version="1.0" encoding="UTF-8"?>
<!-- Generated by org.testng.reporters.JUnitReportReporter -->
<testsuite name="features.AddNewEmployeeScenario" tests="1" time="23.045" ignored="0" failures="0" timestamp="25 sep 2020 10:43:28 GMT" skipped="0" hostname="Tamara-PC" errors="0">
  <testcase name="addnewemployee" time="23.045" classname="features.AddNewEmployeeScenario"/>
</testsuite> <!-- features.AddNewEmployeeScenario -->
